This is pdfTeX, Version 3.14159265-2.6-1.40.18 (TeX Live 2017/Debian) (preloaded format=pdflatex 2019.6.25)  22 OCT 2019 07:56
entering extended mode
 restricted \write18 enabled.
 %&-line parsing enabled.
**kumar_vishal_thesis.tex
(./kumar_vishal_thesis.tex
LaTeX2e <2017-04-15>
Babel <3.18> and hyphenation patterns for 84 language(s) loaded.
(/usr/share/texlive/texmf-dist/tex/latex/base/book.cls
Document Class: book 2014/09/29 v1.4h Standard LaTeX document class
(/usr/share/texlive/texmf-dist/tex/latex/base/bk11.clo
File: bk11.clo 2014/09/29 v1.4h Standard LaTeX file (size option)
)
\c@part=\count79
\c@chapter=\count80
\c@section=\count81
\c@subsection=\count82
\c@subsubsection=\count83
\c@paragraph=\count84
\c@subparagraph=\count85
\c@figure=\count86
\c@table=\count87
\abovecaptionskip=\skip41
\belowcaptionskip=\skip42
\bibindent=\dimen102
) (./iiit_thesis.sty
*******************************************************************
** UIUC Thesis Style File, version 1.1, Nov 1995 by Fred Geiger 
** Based On UTTHESIS.STY, Written by Dinesh Das 
** Dept. of Computer Sciences, The University of Texas at Austin 
*******************************************************************
(/usr/share/texlive/texmf-dist/tex/latex/base/ifthen.sty
Package: ifthen 2014/09/29 v1.1c Standard LaTeX ifthen package (DPC)
)
\hour=\count88
\minute=\count89
\wwwy=\count90
\wwwm=\count91
\wwwd=\count92
\wwwc=\count93
\wwwt=\count94
\wwws=\count95
)
(/usr/share/texlive/texmf-dist/tex/latex/psnfss/times.sty
Package: times 2005/04/12 PSNFSS-v9.2a (SPQR) 
)
(/usr/share/texlive/texmf-dist/tex/latex/graphics/epsfig.sty
Package: epsfig 2017/06/25 v1.7b (e)psfig emulation (SPQR)

(/usr/share/texlive/texmf-dist/tex/latex/graphics/graphicx.sty
Package: graphicx 2017/06/01 v1.1a Enhanced LaTeX Graphics (DPC,SPQR)

(/usr/share/texlive/texmf-dist/tex/latex/graphics/keyval.sty
Package: keyval 2014/10/28 v1.15 key=value parser (DPC)
\KV@toks@=\toks14
)
(/usr/share/texlive/texmf-dist/tex/latex/graphics/graphics.sty
Package: graphics 2017/06/25 v1.2c Standard LaTeX Graphics (DPC,SPQR)

(/usr/share/texlive/texmf-dist/tex/latex/graphics/trig.sty
Package: trig 2016/01/03 v1.10 sin cos tan (DPC)
)
(/usr/share/texlive/texmf-dist/tex/latex/graphics-cfg/graphics.cfg
File: graphics.cfg 2016/06/04 v1.11 sample graphics configuration
)
Package graphics Info: Driver file: pdftex.def on input line 99.

(/usr/share/texlive/texmf-dist/tex/latex/graphics-def/pdftex.def
File: pdftex.def 2018/01/08 v1.0l Graphics/color driver for pdftex
))
\Gin@req@height=\dimen103
\Gin@req@width=\dimen104
)
\epsfxsize=\dimen105
\epsfysize=\dimen106
)
(/usr/share/texlive/texmf-dist/tex/latex/amsmath/amsmath.sty
Package: amsmath 2017/09/02 v2.17a AMS math features
\@mathmargin=\skip43

For additional information on amsmath, use the `?' option.
(/usr/share/texlive/texmf-dist/tex/latex/amsmath/amstext.sty
Package: amstext 2000/06/29 v2.01 AMS text

(/usr/share/texlive/texmf-dist/tex/latex/amsmath/amsgen.sty
File: amsgen.sty 1999/11/30 v2.0 generic functions
\@emptytoks=\toks15
\ex@=\dimen107
))
(/usr/share/texlive/texmf-dist/tex/latex/amsmath/amsbsy.sty
Package: amsbsy 1999/11/29 v1.2d Bold Symbols
\pmbraise@=\dimen108
)
(/usr/share/texlive/texmf-dist/tex/latex/amsmath/amsopn.sty
Package: amsopn 2016/03/08 v2.02 operator names
)
\inf@bad=\count96
LaTeX Info: Redefining \frac on input line 213.
\uproot@=\count97
\leftroot@=\count98
LaTeX Info: Redefining \overline on input line 375.
\classnum@=\count99
\DOTSCASE@=\count100
LaTeX Info: Redefining \ldots on input line 472.
LaTeX Info: Redefining \dots on input line 475.
LaTeX Info: Redefining \cdots on input line 596.
\Mathstrutbox@=\box26
\strutbox@=\box27
\big@size=\dimen109
LaTeX Font Info:    Redeclaring font encoding OML on input line 712.
LaTeX Font Info:    Redeclaring font encoding OMS on input line 713.
\macc@depth=\count101
\c@MaxMatrixCols=\count102
\dotsspace@=\muskip10
\c@parentequation=\count103
\dspbrk@lvl=\count104
\tag@help=\toks16
\row@=\count105
\column@=\count106
\maxfields@=\count107
\andhelp@=\toks17
\eqnshift@=\dimen110
\alignsep@=\dimen111
\tagshift@=\dimen112
\tagwidth@=\dimen113
\totwidth@=\dimen114
\lineht@=\dimen115
\@envbody=\toks18
\multlinegap=\skip44
\multlinetaggap=\skip45
\mathdisplay@stack=\toks19
LaTeX Info: Redefining \[ on input line 2817.
LaTeX Info: Redefining \] on input line 2818.
)
(/usr/share/texlive/texmf-dist/tex/latex/amsfonts/amssymb.sty
Package: amssymb 2013/01/14 v3.01 AMS font symbols

(/usr/share/texlive/texmf-dist/tex/latex/amsfonts/amsfonts.sty
Package: amsfonts 2013/01/14 v3.01 Basic AMSFonts support
\symAMSa=\mathgroup4
\symAMSb=\mathgroup5
LaTeX Font Info:    Overwriting math alphabet `\mathfrak' in version `bold'
(Font)                  U/euf/m/n --> U/euf/b/n on input line 106.
))
(/usr/share/texlive/texmf-dist/tex/latex/oberdiek/epstopdf.sty
Package: epstopdf 2016/05/15 v2.6 Conversion with epstopdf on the fly (HO)

(/usr/share/texlive/texmf-dist/tex/latex/oberdiek/epstopdf-base.sty
Package: epstopdf-base 2016/05/15 v2.6 Base part for package epstopdf

(/usr/share/texlive/texmf-dist/tex/generic/oberdiek/infwarerr.sty
Package: infwarerr 2016/05/16 v1.4 Providing info/warning/error messages (HO)
)
(/usr/share/texlive/texmf-dist/tex/latex/oberdiek/grfext.sty
Package: grfext 2016/05/16 v1.2 Manage graphics extensions (HO)

(/usr/share/texlive/texmf-dist/tex/generic/oberdiek/kvdefinekeys.sty
Package: kvdefinekeys 2016/05/16 v1.4 Define keys (HO)

(/usr/share/texlive/texmf-dist/tex/generic/oberdiek/ltxcmds.sty
Package: ltxcmds 2016/05/16 v1.23 LaTeX kernel commands for general use (HO)
)))
(/usr/share/texlive/texmf-dist/tex/latex/oberdiek/kvoptions.sty
Package: kvoptions 2016/05/16 v3.12 Key value format for package options (HO)

(/usr/share/texlive/texmf-dist/tex/generic/oberdiek/kvsetkeys.sty
Package: kvsetkeys 2016/05/16 v1.17 Key value parser (HO)

(/usr/share/texlive/texmf-dist/tex/generic/oberdiek/etexcmds.sty
Package: etexcmds 2016/05/16 v1.6 Avoid name clashes with e-TeX commands (HO)

(/usr/share/texlive/texmf-dist/tex/generic/oberdiek/ifluatex.sty
Package: ifluatex 2016/05/16 v1.4 Provides the ifluatex switch (HO)
Package ifluatex Info: LuaTeX not detected.
)
Package etexcmds Info: Could not find \expanded.
(etexcmds)             That can mean that you are not using pdfTeX 1.50 or
(etexcmds)             that some package has redefined \expanded.
(etexcmds)             In the latter case, load this package earlier.
)))
(/usr/share/texlive/texmf-dist/tex/generic/oberdiek/pdftexcmds.sty
Package: pdftexcmds 2018/01/21 v0.26 Utility functions of pdfTeX for LuaTeX (HO
)

(/usr/share/texlive/texmf-dist/tex/generic/oberdiek/ifpdf.sty
Package: ifpdf 2017/03/15 v3.2 Provides the ifpdf switch
)
Package pdftexcmds Info: LuaTeX not detected.
Package pdftexcmds Info: \pdf@primitive is available.
Package pdftexcmds Info: \pdf@ifprimitive is available.
Package pdftexcmds Info: \pdfdraftmode found.
)
Package epstopdf-base Info: Redefining graphics rule for `.eps' on input line 4
38.
Package grfext Info: Graphics extension search list:
(grfext)             [.pdf,.png,.jpg,.mps,.jpeg,.jbig2,.jb2,.PDF,.PNG,.JPG,.JPE
G,.JBIG2,.JB2,.eps]
(grfext)             \AppendGraphicsExtensions on input line 456.

(/usr/share/texlive/texmf-dist/tex/latex/latexconfig/epstopdf-sys.cfg
File: epstopdf-sys.cfg 2010/07/13 v1.3 Configuration of (r)epstopdf for TeX Liv
e
)))
(/usr/share/texlive/texmf-dist/tex/latex/base/latexsym.sty
Package: latexsym 1998/08/17 v2.2e Standard LaTeX package (lasy symbols)
\symlasy=\mathgroup6
LaTeX Font Info:    Overwriting symbol font `lasy' in version `bold'
(Font)                  U/lasy/m/n --> U/lasy/b/n on input line 52.
)
(/usr/share/texlive/texmf-dist/tex/latex/multirow/multirow.sty
Package: multirow 2016/11/25 v2.2 Span multiple rows of a table
\multirow@colwidth=\skip46
\multirow@cntb=\count108
\multirow@dima=\skip47
\bigstrutjot=\dimen116
)
(/usr/share/texlive/texmf-dist/tex/latex/algorithms/algorithm.sty
Package: algorithm 2009/08/24 v0.1 Document Style `algorithm' - floating enviro
nment

(/usr/share/texlive/texmf-dist/tex/latex/float/float.sty
Package: float 2001/11/08 v1.3d Float enhancements (AL)
\c@float@type=\count109
\float@exts=\toks20
\float@box=\box28
\@float@everytoks=\toks21
\@floatcapt=\box29
)
\@float@every@algorithm=\toks22
\c@algorithm=\count110
)
(/usr/share/texlive/texmf-dist/tex/latex/algorithmicx/algpseudocode.sty
Package: algpseudocode 

(/usr/share/texlive/texmf-dist/tex/latex/algorithmicx/algorithmicx.sty
Package: algorithmicx 2005/04/27 v1.2 Algorithmicx

Document Style algorithmicx 1.2 - a greatly improved `algorithmic' style
\c@ALG@line=\count111
\c@ALG@rem=\count112
\c@ALG@nested=\count113
\ALG@tlm=\skip48
\ALG@thistlm=\skip49
\c@ALG@Lnr=\count114
\c@ALG@blocknr=\count115
\c@ALG@storecount=\count116
\c@ALG@tmpcounter=\count117
\ALG@tmplength=\skip50
)
Document Style - pseudocode environments for use with the `algorithmicx' style
) (/usr/share/texlive/texmf-dist/tex/latex/url/url.sty
\Urlmuskip=\muskip11
Package: url 2013/09/16  ver 3.4  Verb mode for urls, etc.
)
(/usr/share/texlive/texmf-dist/tex/latex/sttools/flushend.sty
Package: flushend 2017/03/27 v3.3 Balancing columns in twocolumn mode
\flushend@@lastskip@a=\skip51
\flushend@@lastskip@b=\skip52
\flushend@@lastskip@c=\skip53
\flushend@@penalty@a=\count118
\flushend@@lastkern@a=\dimen117
\var@@temp@spread=\dimen118
\var@@temp@a=\dimen119
\flushend@@page@rule=\dimen120
\flushend@@varbox@a=\box30
\flushend@@varbox@c=\box31
\flushend@@tempbox@a=\box32
\flushend@@tempbox@c=\box33
\@viper=\box34
\hold@viper=\box35
\atColsBreak=\toks23
\atColsEnd=\toks24

(/usr/share/texlive/texmf-dist/tex/latex/etoolbox/etoolbox.sty
Package: etoolbox 2018/02/11 v2.5e e-TeX tools for LaTeX (JAW)
\etb@tempcnta=\count119
))
(/usr/share/texlive/texmf-dist/tex/latex/amsfonts/eucal.sty
Package: eucal 2009/06/22 v3.00 Euler Script fonts
LaTeX Font Info:    Overwriting math alphabet `\EuScript' in version `bold'
(Font)                  U/eus/m/n --> U/eus/b/n on input line 33.
)
(/usr/share/texlive/texmf-dist/tex/latex/subfig/subfig.sty
Package: subfig 2005/06/28 ver: 1.3 subfig package

(/usr/share/texlive/texmf-dist/tex/latex/caption/caption.sty
Package: caption 2016/02/21 v3.3-144 Customizing captions (AR)

(/usr/share/texlive/texmf-dist/tex/latex/caption/caption3.sty
Package: caption3 2016/05/22 v1.7-166 caption3 kernel (AR)
Package caption3 Info: TeX engine: e-TeX on input line 67.
\captionmargin=\dimen121
\captionmargin@=\dimen122
\captionwidth=\dimen123
\caption@tempdima=\dimen124
\caption@indent=\dimen125
\caption@parindent=\dimen126
\caption@hangindent=\dimen127
Package caption Info: Unknown document class (or package),
(caption)             standard defaults will be used.
)

Package caption Warning: Unsupported document class (or package) detected,
(caption)                usage of the caption package is not recommended.
See the caption package documentation for explanation.

Package caption Info: \@makecaption = \long macro:#1#2->\vskip \abovecaptionski
p \sbox \@tempboxa {\textbf {#1} #2}\ifdim \wd \@tempboxa >\hsize \textbf {#1} 
#2\par \else \hbox to\hsize {\hfil \box \@tempboxa \hfil }\fi \vskip \belowcapt
ionskip .
\c@ContinuedFloat=\count120
Package caption Info: float package is loaded.
)
\c@KVtest=\count121
\sf@farskip=\skip54
\sf@captopadj=\dimen128
\sf@capskip=\skip55
\sf@nearskip=\skip56
\c@subfigure=\count122
\c@subfigure@save=\count123
\c@lofdepth=\count124
\c@subtable=\count125
\c@subtable@save=\count126
\c@lotdepth=\count127
\sf@top=\skip57
\sf@bottom=\skip58
) (/usr/share/texlive/texmf-dist/tex/latex/filecontents/filecontents.sty
Package: filecontents 2011/10/08 v1.3 Create an external file from within a LaT
eX document
)
(/usr/share/texlive/texmf-dist/tex/latex/tools/array.sty
Package: array 2016/10/06 v2.4d Tabular extension package (FMi)
\col@sep=\dimen129
\extrarowheight=\dimen130
\NC@list=\toks25
\extratabsurround=\skip59
\backup@length=\skip60
)
(/usr/share/texlive/texmf-dist/tex/latex/cite/cite.sty
LaTeX Info: Redefining \cite on input line 302.
LaTeX Info: Redefining \nocite on input line 332.
Package: cite 2015/02/27  v 5.5
)
(/usr/share/texlive/texmf-dist/tex/latex/csquotes/csquotes.sty
Package: csquotes 2018/02/11 v5.2c context-sensitive quotations (JAW)
\csq@reset=\count128
\csq@gtype=\count129
\csq@glevel=\count130
\csq@qlevel=\count131
\csq@maxlvl=\count132
\csq@tshold=\count133
\csq@ltx@everypar=\toks26

(/usr/share/texlive/texmf-dist/tex/latex/csquotes/csquotes.def
File: csquotes.def 2018/02/11 v5.2c csquotes generic definitions (JAW)
)
Package csquotes Info: Trying to load configuration file 'csquotes.cfg'...
Package csquotes Info: ... configuration file loaded successfully.

(/usr/share/texlive/texmf-dist/tex/latex/csquotes/csquotes.cfg
File: csquotes.cfg 
))
Package csquotes Info: Checking for multilingual support...
Package csquotes Info: ... none found.

(./kumar_vishal_thesis.aux

LaTeX Warning: Label `eq_projective_transformation' multiply defined.

)
\openout1 = `kumar_vishal_thesis.aux'.

LaTeX Font Info:    Checking defaults for OML/cmm/m/it on input line 44.
LaTeX Font Info:    ... okay on input line 44.
LaTeX Font Info:    Checking defaults for T1/cmr/m/n on input line 44.
LaTeX Font Info:    ... okay on input line 44.
LaTeX Font Info:    Checking defaults for OT1/cmr/m/n on input line 44.
LaTeX Font Info:    ... okay on input line 44.
LaTeX Font Info:    Checking defaults for OMS/cmsy/m/n on input line 44.
LaTeX Font Info:    ... okay on input line 44.
LaTeX Font Info:    Checking defaults for OMX/cmex/m/n on input line 44.
LaTeX Font Info:    ... okay on input line 44.
LaTeX Font Info:    Checking defaults for U/cmr/m/n on input line 44.
LaTeX Font Info:    ... okay on input line 44.
LaTeX Font Info:    Try loading font information for OT1+ptm on input line 44.
 (/usr/share/texlive/texmf-dist/tex/latex/psnfss/ot1ptm.fd
File: ot1ptm.fd 2001/06/04 font definitions for OT1/ptm.
)
(/usr/share/texlive/texmf-dist/tex/context/base/mkii/supp-pdf.mkii
[Loading MPS to PDF converter (version 2006.09.02).]
\scratchcounter=\count134
\scratchdimen=\dimen131
\scratchbox=\box36
\nofMPsegments=\count135
\nofMParguments=\count136
\everyMPshowfont=\toks27
\MPscratchCnt=\count137
\MPscratchDim=\dimen132
\MPnumerator=\count138
\makeMPintoPDFobject=\count139
\everyMPtoPDFconversion=\toks28
)
Package caption Info: Begin \AtBeginDocument code.
Package caption Info: subfig package v1.3 is loaded.
Package caption Info: End \AtBeginDocument code.
 (./titlePage.tex
LaTeX Font Info:    Font shape `OT1/ptm/bx/n' in size <14.4> not available
(Font)              Font shape `OT1/ptm/b/n' tried instead on input line 4.
LaTeX Font Info:    Try loading font information for OT1+pcr on input line 21.
 (/usr/share/texlive/texmf-dist/tex/latex/psnfss/ot1pcr.fd
File: ot1pcr.fd 2001/06/04 font definitions for OT1/pcr.
)
<figures/iiit.png, id=1, 330.23375pt x 242.9075pt>
File: figures/iiit.png Graphic file (type png)
<use figures/iiit.png>
Package pdftex.def Info: figures/iiit.png  used on input line 25.
(pdftex.def)             Requested size: 39.83385pt x 29.29959pt.
)
[1


{/var/lib/texmf/fonts/map/pdftex/updmap/pdftex.map} <./figures/iiit.png>]
LaTeX Font Info:    Try loading font information for OMS+ptm on input line 54.

(/usr/share/texlive/texmf-dist/tex/latex/psnfss/omsptm.fd
File: omsptm.fd 
)
LaTeX Font Info:    Font shape `OMS/ptm/m/n' in size <12> not available
(Font)              Font shape `OMS/cmsy/m/n' tried instead on input line 54.
 [2]
(./certificate.tex
LaTeX Font Info:    Try loading font information for U+msa on input line 15.
 (/usr/share/texlive/texmf-dist/tex/latex/amsfonts/umsa.fd
File: umsa.fd 2013/01/14 v3.01 AMS symbols A
)
LaTeX Font Info:    Try loading font information for U+msb on input line 15.

(/usr/share/texlive/texmf-dist/tex/latex/amsfonts/umsb.fd
File: umsb.fd 2013/01/14 v3.01 AMS symbols B
)
LaTeX Font Info:    Try loading font information for U+lasy on input line 15.

(/usr/share/texlive/texmf-dist/tex/latex/base/ulasy.fd
File: ulasy.fd 1998/08/17 v2.2e LaTeX symbol font definitions
)) [3] [4]
(./acknowledgements.tex) [5

] (./abstract.tex
Missing character: There is no â in font ptmr7t!
Missing character: There is no € in font ptmr7t!
Missing character: There is no ™ in font ptmr7t!
)
Underfull \vbox (badness 2158) has occurred while \output is active []

 [6

]
[7] (./kumar_vishal_thesis.toc [8

])
\tf@toc=\write3
\openout3 = `kumar_vishal_thesis.toc'.

 [9] (./kumar_vishal_thesis.lof [10

])
\tf@lof=\write4
\openout4 = `kumar_vishal_thesis.lof'.


[11] (./kumar_vishal_thesis.lot)
\tf@lot=\write5
\openout5 = `kumar_vishal_thesis.lot'.

 [12

]
{\it Chapter} 1.
(./introduction.tex
Underfull \vbox (badness 1796) has occurred while \output is active []

 [1

]
<figures/localization.png, id=58, 678.28406pt x 257.46187pt>
File: figures/localization.png Graphic file (type png)
<use figures/localization.png>
Package pdftex.def Info: figures/localization.png  used on input line 6.
(pdftex.def)             Requested size: 451.68457pt x 170.71892pt.
LaTeX Font Info:    Font shape `OT1/ptm/bx/n' in size <12> not available
(Font)              Font shape `OT1/ptm/b/n' tried instead on input line 20.
<figures/img_retrieval.png, id=59, 756.57657pt x 502.12593pt>
File: figures/img_retrieval.png Graphic file (type png)
<use figures/img_retrieval.png>
Package pdftex.def Info: figures/img_retrieval.png  used on input line 24.
(pdftex.def)             Requested size: 451.68674pt x 256.0885pt.

Underfull \vbox (badness 10000) has occurred while \output is active []

 [2 <./figures/localization.png>]
Underfull \vbox (badness 10000) has occurred while \output is active []

 [3 <./figures/img_retrieval.png>]
<figures/pca_example.png, id=68, 532.99126pt x 489.83pt>
File: figures/pca_example.png Graphic file (type png)
<use figures/pca_example.png>
Package pdftex.def Info: figures/pca_example.png  used on input line 45.
(pdftex.def)             Requested size: 227.62027pt x 227.61911pt.

Underfull \vbox (badness 2837) has occurred while \output is active []

 [4 <./figures/pca_example.png>]
LaTeX Font Info:    Font shape `OT1/ptm/bx/n' in size <10.95> not available
(Font)              Font shape `OT1/ptm/b/n' tried instead on input line 59.
 [5])
{\it Chapter} 2.
(./chapter2.tex [6

] [7]
LaTeX Font Info:    Font shape `OMS/ptm/m/n' in size <10.95> not available
(Font)              Font shape `OMS/cmsy/m/n' tried instead on input line 71.
 [8]
Underfull \hbox (badness 10000) in paragraph at lines 88--89

 []

<figures/ann_diag01.png, id=87, 330.48468pt x 240.14719pt>
File: figures/ann_diag01.png Graphic file (type png)
<use figures/ann_diag01.png>
Package pdftex.def Info: figures/ann_diag01.png  used on input line 92.
(pdftex.def)             Requested size: 341.44687pt x 256.09747pt.
[9 <./figures/ann_diag01.png>]
Underfull \vbox (badness 2205) has occurred while \output is active []

 [10]
<figures/k_fold_cross_validation.png, id=97, 513.41812pt x 274.77657pt>
File: figures/k_fold_cross_validation.png Graphic file (type png)
<use figures/k_fold_cross_validation.png>
Package pdftex.def Info: figures/k_fold_cross_validation.png  used on input lin
e 136.
(pdftex.def)             Requested size: 451.69182pt x 256.09718pt.


LaTeX Warning: `h' float specifier changed to `ht'.

<figures/bow_flow.jpg, id=98, 144.54pt x 92.0238pt>
File: figures/bow_flow.jpg Graphic file (type jpg)
<use figures/bow_flow.jpg>
Package pdftex.def Info: figures/bow_flow.jpg  used on input line 149.
(pdftex.def)             Requested size: 451.7128pt x 256.13995pt.
[11]

LaTeX Warning: `h' float specifier changed to `ht'.

[12 <./figures/k_fold_cross_validation.png>] [13 <./figures/bow_flow.jpg>]
[14]
<figures/trifocal_tensor_01.png, id=113, 418.56375pt x 249.93375pt>
File: figures/trifocal_tensor_01.png Graphic file (type png)
<use figures/trifocal_tensor_01.png>
Package pdftex.def Info: figures/trifocal_tensor_01.png  used on input line 202
.
(pdftex.def)             Requested size: 355.6595pt x 227.63075pt.

Underfull \vbox (badness 10000) has occurred while \output is active []

 [15 <./figures/trifocal_tensor_01.png>]
Underfull \hbox (badness 10000) in paragraph at lines 245--248

 []

[16] [17])
{\it Chapter} 3.
(./chapter3.tex
<figures/example_alias_occlusion_02.png, id=123, 395.97937pt x 441.14813pt>
File: figures/example_alias_occlusion_02.png Graphic file (type png)
<use figures/example_alias_occlusion_02.png>
Package pdftex.def Info: figures/example_alias_occlusion_02.png  used on input 
line 38.
(pdftex.def)             Requested size: 312.98341pt x 341.44873pt.
 [18

]
Underfull \vbox (badness 10000) has occurred while \output is active []

 [19 <./figures/example_alias_occlusion_02.png>]
<figures/flow_diag_concept_02.png, id=132, 420.06938pt x 270.25969pt>
File: figures/flow_diag_concept_02.png Graphic file (type png)
<use figures/flow_diag_concept_02.png>
Package pdftex.def Info: figures/flow_diag_concept_02.png  used on input line 9
3.
(pdftex.def)             Requested size: 256.0753pt x 199.17252pt.
<figures/new_block_diagram.png, id=133, 564.60938pt x 233.37187pt>
File: figures/new_block_diagram.png Graphic file (type png)
<use figures/new_block_diagram.png>
Package pdftex.def Info: figures/new_block_diagram.png  used on input line 94.
(pdftex.def)             Requested size: 227.6231pt x 85.35628pt.
 [20]
Underfull \hbox (badness 10000) in paragraph at lines 138--145

 []

[21 <./figures/flow_diag_concept_02.png> <./figures/new_block_diagram.png>]
<figures/img_all_features_01.png, id=142, 454.69875pt x 605.26125pt>
File: figures/img_all_features_01.png Graphic file (type png)
<use figures/img_all_features_01.png>
Package pdftex.def Info: figures/img_all_features_01.png  used on input line 19
3.
(pdftex.def)             Requested size: 170.71974pt x 227.61888pt.
<figures/img_useful_features_01_yellow.png, id=143, 453.19313pt x 605.26125pt>
File: figures/img_useful_features_01_yellow.png Graphic file (type png)
<use figures/img_useful_features_01_yellow.png>
Package pdftex.def Info: figures/img_useful_features_01_yellow.png  used on inp
ut line 194.
(pdftex.def)             Requested size: 170.71458pt x 227.61888pt.
<figures/flow_diag_useful_features.png, id=144, 170.432pt x 227.90657pt>
File: figures/flow_diag_useful_features.png Graphic file (type png)
<use figures/flow_diag_useful_features.png>
Package pdftex.def Info: figures/flow_diag_useful_features.png  used on input l
ine 206.
(pdftex.def)             Requested size: 284.5684pt x 327.24971pt.


LaTeX Warning: `h' float specifier changed to `ht'.

[22]
LaTeX Font Info:    Try loading font information for U+eus on input line 245.
 (/usr/share/texlive/texmf-dist/tex/latex/amsfonts/ueus.fd
File: ueus.fd 2013/01/14 v3.01 Euler Script
) [23 <./figures/img_all_features_01.png> <./figures/img_useful_features_01_yel
low.png>]
Underfull \vbox (badness 1603) has occurred while \output is active []

 [24 <./figures/flow_diag_useful_features.png>] [25] [26]
<figures/noisy_refined_plot.png, id=165, 411.136pt x 275.429pt>
File: figures/noisy_refined_plot.png Graphic file (type png)
<use figures/noisy_refined_plot.png>
Package pdftex.def Info: figures/noisy_refined_plot.png  used on input line 465
.
(pdftex.def)             Requested size: 312.9873pt x 256.09167pt.
 [27] [28 <./figures/noisy_refined_plot.png>] [29]
<figures/synthetic_noise.png, id=176, 385.44pt x 251.339pt>
File: figures/synthetic_noise.png Graphic file (type png)
<use figures/synthetic_noise.png>
Package pdftex.def Info: figures/synthetic_noise.png  used on input line 615.
(pdftex.def)             Requested size: 312.98102pt x 256.09775pt.


LaTeX Warning: `h' float specifier changed to `ht'.

[30] [31 <./figures/synthetic_noise.png (PNG copy)>] [32]
<figures/localization_comp.png, id=187, 718.18312pt x 273.27094pt>
File: figures/localization_comp.png Graphic file (type png)
<use figures/localization_comp.png>
Package pdftex.def Info: figures/localization_comp.png  used on input line 717.

(pdftex.def)             Requested size: 451.70161pt x 227.62373pt.
) [33 <./figures/localization_comp.png>]
{\it Chapter} 4.
(./chapter5.tex [34

]
<figures/batteryvariations.pdf, id=195, 729.72626pt x 445.665pt>
File: figures/batteryvariations.pdf Graphic file (type pdf)
<use figures/batteryvariations.pdf>
Package pdftex.def Info: figures/batteryvariations.pdf  used on input line 27.
(pdftex.def)             Requested size: 361.35136pt x 220.68306pt.
<figures/bar_01.png, id=196, 748.7975pt x 440.64626pt>
File: figures/bar_01.png Graphic file (type png)
<use figures/bar_01.png>
Package pdftex.def Info: figures/bar_01.png  used on input line 47.
(pdftex.def)             Requested size: 406.51599pt x 239.22293pt.


LaTeX Warning: `h' float specifier changed to `ht'.


Underfull \vbox (badness 4752) has occurred while \output is active []

 [35 <./figures/batteryvariations.pdf>]
Underfull \vbox (badness 4886) has occurred while \output is active []

 [36 <./figures/bar_01.png>]
Underfull \vbox (badness 10000) has occurred while \output is active []

 [37]
<figures/powerConsumption.png, id=249, 990.70125pt x 660.4675pt>
File: figures/powerConsumption.png Graphic file (type png)
<use figures/powerConsumption.png>
Package pdftex.def Info: figures/powerConsumption.png  used on input line 114.
(pdftex.def)             Requested size: 406.51599pt x 271.00507pt.
<figures/BundledPie.png, id=250, 803.0pt x 301.125pt>
File: figures/BundledPie.png Graphic file (type png)
<use figures/BundledPie.png>
Package pdftex.def Info: figures/BundledPie.png  used on input line 127.
(pdftex.def)             Requested size: 406.51599pt x 152.44598pt.
Missing character: There is no â in font ptmr7t!
Missing character: There is no € in font ptmr7t!
Missing character: There is no ™ in font ptmr7t!
Missing character: There is no â in font ptmr7t!
Missing character: There is no € in font ptmr7t!
Missing character: There is no ™ in font ptmr7t!

Underfull \vbox (badness 10000) has occurred while \output is active []

 [38 <./figures/powerConsumption.png>] [39 <./figures/BundledPie.png>]
<figures/ICPR_FLOW_v2.png, id=259, 475.7775pt x 406.51875pt>
File: figures/ICPR_FLOW_v2.png Graphic file (type png)
<use figures/ICPR_FLOW_v2.png>
Package pdftex.def Info: figures/ICPR_FLOW_v2.png  used on input line 170.
(pdftex.def)             Requested size: 406.51599pt x 347.35382pt.
Missing character: There is no â in font ptmr7t!
Missing character: There is no € in font ptmr7t!
Missing character: There is no ™ in font ptmr7t!
 [40 <./figures/ICPR_FLOW_v2.png>] [41] [42] [43] [44]
Underfull \hbox (badness 10000) in paragraph at lines 366--366
[]|\OT1/ptm/m/n/10.95 % Bat-tery
 []


Underfull \hbox (badness 10000) in paragraph at lines 366--366
[]|\OT1/ptm/m/n/10.95 % Bat-tery
 []


Overfull \hbox (6.75285pt too wide) in paragraph at lines 368--368
 []|\OT1/ptm/m/n/10.95 Working 
 []


Overfull \hbox (2.48512pt too wide) in paragraph at lines 368--368
 \OT1/ptm/m/n/10.95 Working 
 []


Overfull \hbox (6.75285pt too wide) in paragraph at lines 368--368
 []|\OT1/ptm/m/n/10.95 Working 
 []


Overfull \hbox (2.48512pt too wide) in paragraph at lines 368--368
 \OT1/ptm/m/n/10.95 Working 
 []


Overfull \hbox (6.75285pt too wide) in paragraph at lines 368--368
 []|\OT1/ptm/m/n/10.95 Working 
 []


Overfull \hbox (2.48512pt too wide) in paragraph at lines 368--368
 \OT1/ptm/m/n/10.95 Working 
 []


Overfull \hbox (6.75285pt too wide) in paragraph at lines 368--368
 []|\OT1/ptm/m/n/10.95 Working 
 []


Overfull \hbox (2.48512pt too wide) in paragraph at lines 368--370
 \OT1/ptm/m/n/10.95 Working 
 []

<figures/BatterySavings.pdf, id=278, 728.7225pt x 444.66125pt>
File: figures/BatterySavings.pdf Graphic file (type pdf)
<use figures/BatterySavings.pdf>
Package pdftex.def Info: figures/BatterySavings.pdf  used on input line 383.
(pdftex.def)             Requested size: 451.6875pt x 275.61249pt.

Overfull \hbox (0.7226pt too wide) in paragraph at lines 410--410
[]|\OT1/ptm/b/n/10.95 General| 
 []


Overfull \hbox (3.1428pt too wide) in paragraph at lines 410--410
[]|\OT1/ptm/b/n/10.95 Memory| 
 []


Underfull \hbox (badness 1097) in paragraph at lines 410--410
[]|\OT1/ptm/m/n/10.95 512 MB RAM, 512
 []


Underfull \hbox (badness 1097) in paragraph at lines 410--410
[]|\OT1/ptm/m/n/10.95 512 MB RAM, 512
 []


Underfull \hbox (badness 10000) in paragraph at lines 410--410
[]|\OT1/ptm/m/n/10.95 [GPRS],
 []


Underfull \hbox (badness 10000) in paragraph at lines 410--410
\OT1/ptm/m/n/10.95 [EDGE],
 []


Underfull \hbox (badness 10000) in paragraph at lines 410--410
\OT1/ptm/m/n/10.95 [Speed],
 []


Underfull \hbox (badness 10000) in paragraph at lines 410--410
\OT1/ptm/m/n/10.95 [WLAN],
 []


Underfull \hbox (badness 10000) in paragraph at lines 410--410
\OT1/ptm/m/n/10.95 [Blue-tooth],
 []


Underfull \hbox (badness 10000) in paragraph at lines 410--410
[]|\OT1/ptm/m/n/10.95 [ Class 12
 []


Underfull \hbox (badness 10000) in paragraph at lines 410--410
\OT1/ptm/m/n/10.95 (4+1/3+2/2+3/1+4
 []


Underfull \hbox (badness 2932) in paragraph at lines 410--410
\OT1/ptm/m/n/10.95 5.76 Mbps], [Wi-Fi
 []


Underfull \hbox (badness 10000) in paragraph at lines 410--410
\OT1/ptm/m/n/10.95 v3.0 with A2DP],
 []


Underfull \hbox (badness 10000) in paragraph at lines 410--410
\OT1/ptm/m/n/10.95 [Yes, mi-croUSB
 []


Underfull \hbox (badness 3861) in paragraph at lines 410--410
[]|\OT1/ptm/m/n/10.95 [ Up to 80 kbps],
 []


Underfull \hbox (badness 5008) in paragraph at lines 410--410
\OT1/ptm/m/n/10.95 ], [Yes, v3.0 with
 []


Underfull \hbox (badness 10000) in paragraph at lines 410--410
\OT1/ptm/m/n/10.95 A2DP,EDR], [Yes,
 []


Overfull \hbox (3.28499pt too wide) in paragraph at lines 410--410
[]|\OT1/ptm/b/n/10.95 Features| 
 []


Underfull \hbox (badness 10000) in paragraph at lines 410--410
[]|\OT1/ptm/m/n/10.95 [OS],
 []


Underfull \hbox (badness 10000) in paragraph at lines 410--410
\OT1/ptm/m/n/10.95 [Chipset],
 []


Underfull \hbox (badness 10000) in paragraph at lines 410--410
\OT1/ptm/m/n/10.95 [CPU],
 []


Underfull \hbox (badness 10000) in paragraph at lines 410--410
\OT1/ptm/m/n/10.95 [GPU],
 []


Underfull \hbox (badness 10000) in paragraph at lines 410--410
\OT1/ptm/m/n/10.95 [Sen-sors],
 []


Underfull \hbox (badness 10000) in paragraph at lines 410--410
\OT1/ptm/m/n/10.95 [Mes-sag-
 []


Underfull \hbox (badness 10000) in paragraph at lines 410--410
[]|\OT1/ptm/m/n/10.95 [Android OS,
 []


Underfull \hbox (badness 10000) in paragraph at lines 410--410
\OT1/ptm/m/n/10.95 v2.3 (Gin-ger-
 []


Underfull \hbox (badness 4569) in paragraph at lines 410--410
\OT1/ptm/m/n/10.95 bread)], [Qual-comm
 []


Underfull \hbox (badness 10000) in paragraph at lines 410--410
\OT1/ptm/m/n/10.95 MSM8255T Snap-
 []


Underfull \hbox (badness 10000) in paragraph at lines 410--410
\OT1/ptm/m/n/10.95 dragon], [1.4 GHz
 []


Underfull \hbox (badness 10000) in paragraph at lines 410--410
\OT1/ptm/m/n/10.95 Scor-pion], [Adreno
 []


Underfull \hbox (badness 10000) in paragraph at lines 410--410
\OT1/ptm/m/n/10.95 prox-im-ity, com-
 []


Underfull \hbox (badness 10000) in paragraph at lines 410--410
\OT1/ptm/m/n/10.95 pass],[SMS(threaded
 []


Underfull \hbox (badness 10000) in paragraph at lines 410--410
[]|\OT1/ptm/m/n/10.95 [Android OS,
 []


Underfull \hbox (badness 10000) in paragraph at lines 410--410
\OT1/ptm/m/n/10.95 v2.3 (Gin-ger-
 []


Underfull \hbox (badness 10000) in paragraph at lines 410--410
\OT1/ptm/m/n/10.95 bread)], [Qual-
 []


Underfull \hbox (badness 10000) in paragraph at lines 410--410
\OT1/ptm/m/n/10.95 comm MSM8255T
 []


Underfull \hbox (badness 10000) in paragraph at lines 410--410
\OT1/ptm/m/n/10.95 Snap-dragon], [
 []


Underfull \hbox (badness 10000) in paragraph at lines 410--410
\OT1/ptm/m/n/10.95 600 MHz Cor-tex
 []


Underfull \hbox (badness 3590) in paragraph at lines 410--410
\OT1/ptm/m/n/10.95 A5], [Adreno 200],
 []


Underfull \hbox (badness 10000) in paragraph at lines 410--410
\OT1/ptm/m/n/10.95 im-ity],[SMS(threaded
 []


LaTeX Warning: `h' float specifier changed to `ht'.

[45] [46 <./figures/BatterySavings.pdf>]
LaTeX Font Info:    Font shape `OT1/ptm/bx/it' in size <10.95> not available
(Font)              Font shape `OT1/ptm/b/it' tried instead on input line 434.

Underfull \vbox (badness 3312) has occurred while \output is active []

 [47]
<figures/knn_err.png, id=446, 867.24pt x 433.62pt>
File: figures/knn_err.png Graphic file (type png)
<use figures/knn_err.png>
Package pdftex.def Info: figures/knn_err.png  used on input line 440.
(pdftex.def)             Requested size: 406.51599pt x 203.25887pt.
<figures/svm_param_tuning.png, id=447, 383.18156pt x 271.76532pt>
File: figures/svm_param_tuning.png Graphic file (type png)
<use figures/svm_param_tuning.png>
Package pdftex.def Info: figures/svm_param_tuning.png  used on input line 452.
(pdftex.def)             Requested size: 361.35136pt x 256.29707pt.

Underfull \vbox (badness 2088) has occurred while \output is active []

 [48 <./figures/knn_err.png>]

LaTeX Warning: `h' float specifier changed to `ht'.


Underfull \vbox (badness 10000) has occurred while \output is active []

 [49 <./figures/svm_param_tuning.png>]) [50]
{\it Chapter} 5.
(./conclusion.tex
Underfull \hbox (badness 10000) in paragraph at lines 1--2

 []


Underfull \hbox (badness 10000) in paragraph at lines 8--13

 []


Underfull \vbox (badness 10000) has occurred while \output is active []

 [51

]
Missing character: There is no â in font ptmr7t!
Missing character: There is no € in font ptmr7t!
Missing character: There is no ™ in font ptmr7t!
Missing character: There is no â in font ptmr7t!
Missing character: There is no € in font ptmr7t!
Missing character: There is no ™ in font ptmr7t!
)
[52] (./relatedPapers.tex
Underfull \hbox (badness 10000) in paragraph at lines 2--3

 []

) (./kumar_vishal_thesis.bbl [53

]
LaTeX Font Info:    Font shape `OT1/pcr/m/it' in size <10.95> not available
(Font)              Font shape `OT1/pcr/m/sl' tried instead on input line 6.

Underfull \hbox (badness 10000) in paragraph at lines 4--7
[]\OT1/ptm/m/n/10.95 Mobile phone in-ter-net user pen-e-tra-tion world-wide fro
m 2014 to
 []


Underfull \hbox (badness 10000) in paragraph at lines 4--7
\OT1/ptm/m/n/10.95 2019.  $\OT1/pcr/m/sl/10.95 http : / / www . statista . com 
/ statistics / 284202 /
 []


Underfull \hbox (badness 10000) in paragraph at lines 15--19
[]\OT1/ptm/m/n/10.95 Kumar Ran-gara-jana.  An-droid bat-tery con-sump-tion - th
e what
 []


Underfull \hbox (badness 10000) in paragraph at lines 15--19
\OT1/ptm/m/n/10.95 and how, 2012.  $\OT1/pcr/m/n/10.95 http : / / www . slidesh
are . net / littleeye /
 []

[54

]
Underfull \hbox (badness 10000) in paragraph at lines 83--86
[]\OT1/ptm/m/n/10.95 Cross-validation.  $\OT1/pcr/m/sl/10.95 https : / / en . w
ikipedia . org / wiki / Cross-[]validation _
 []

LaTeX Font Info:    Font shape `OMS/ptm/m/it' in size <10.95> not available
(Font)              Font shape `OMS/cmsy/m/n' tried instead on input line 106.
[55] [56] [57]
Underfull \hbox (badness 10000) in paragraph at lines 314--317
[]\OT1/ptm/m/n/10.95 Scit-learn.  $\OT1/pcr/m/sl/10.95 https : / / scikit-[]lea
rn . org / stable / modules / generated /
 []

) [58] (./kumar_vishal_thesis.aux)

LaTeX Warning: There were multiply-defined labels.

 ) 
Here is how much of TeX's memory you used:
 6081 strings out of 492982
 92116 string characters out of 6134896
 171090 words of memory out of 5000000
 9424 multiletter control sequences out of 15000+600000
 40988 words of font info for 93 fonts, out of 8000000 for 9000
 1141 hyphenation exceptions out of 8191
 44i,19n,49p,2086b,352s stack positions out of 5000i,500n,10000p,200000b,80000s
{/usr/share/texlive/texmf-dist/fonts/enc/dvips/base/8r.enc}</usr/share/texliv
e/texmf-dist/fonts/type1/public/amsfonts/cm/cmex10.pfb></usr/share/texlive/texm
f-dist/fonts/type1/public/amsfonts/cm/cmmi10.pfb></usr/share/texlive/texmf-dist
/fonts/type1/public/amsfonts/cm/cmmi6.pfb></usr/share/texlive/texmf-dist/fonts/
type1/public/amsfonts/cm/cmmi8.pfb></usr/share/texlive/texmf-dist/fonts/type1/p
ublic/amsfonts/cm/cmr10.pfb></usr/share/texlive/texmf-dist/fonts/type1/public/a
msfonts/cm/cmr6.pfb></usr/share/texlive/texmf-dist/fonts/type1/public/amsfonts/
cm/cmr8.pfb></usr/share/texlive/texmf-dist/fonts/type1/public/amsfonts/cm/cmsy1
0.pfb></usr/share/texlive/texmf-dist/fonts/type1/public/amsfonts/cm/cmsy6.pfb><
/usr/share/texlive/texmf-dist/fonts/type1/public/amsfonts/cm/cmsy8.pfb></usr/sh
are/texlive/texmf-dist/fonts/type1/public/amsfonts/euler/eusm10.pfb></usr/share
/texlive/texmf-dist/fonts/type1/public/amsfonts/symbols/msbm10.pfb></usr/share/
texlive/texmf-dist/fonts/type1/urw/courier/ucrr8a.pfb></usr/share/texlive/texmf
-dist/fonts/type1/urw/courier/ucrro8a.pfb></usr/share/texlive/texmf-dist/fonts/
type1/urw/times/utmb8a.pfb></usr/share/texlive/texmf-dist/fonts/type1/urw/times
/utmbi8a.pfb></usr/share/texlive/texmf-dist/fonts/type1/urw/times/utmr8a.pfb></
usr/share/texlive/texmf-dist/fonts/type1/urw/times/utmr8a.pfb></usr/share/texli
ve/texmf-dist/fonts/type1/urw/times/utmri8a.pfb>
Output written on kumar_vishal_thesis.pdf (70 pages, 3786064 bytes).
PDF statistics:
 551 PDF objects out of 1000 (max. 8388607)
 341 compressed objects within 4 object streams
 0 named destinations out of 1000 (max. 500000)
 126 words of extra memory for PDF output out of 10000 (max. 10000000)

